2020-10-14 10:08:41,149 INFO PERFORMANCE:|0|0|-1|-1

2020-10-14 10:13:41,151 INFO PERFORMANCE:|1|1|-1|-1

2020-10-14 10:18:41,152 INFO PERFORMANCE:|1|1|-1|-1

2020-10-14 10:23:41,153 INFO PERFORMANCE:|1|1|-1|-1

2020-10-14 10:28:41,154 INFO PERFORMANCE:|1|1|-1|-1

2020-10-14 10:33:41,156 INFO PERFORMANCE:|2|2|-1|-1

2020-10-14 10:38:41,157 INFO PERFORMANCE:|2|1|-1|-1

2020-10-14 10:43:41,160 INFO PERFORMANCE:|2|1|-1|-1

2020-10-14 10:48:41,161 INFO PERFORMANCE:|2|2|-1|-1

2020-10-14 10:53:41,162 INFO PERFORMANCE:|3|1|-1|-1

2020-10-14 10:58:41,163 INFO PERFORMANCE:|3|1|-1|-1

2020-10-14 11:03:41,166 INFO PERFORMANCE:|3|2|-1|-1

2020-10-14 11:08:41,168 INFO PERFORMANCE:|3|2|-1|-1

2020-10-14 11:13:41,170 INFO PERFORMANCE:|3|2|-1|-1

2020-10-14 11:18:41,171 INFO PERFORMANCE:|3|2|-1|-1

2020-10-14 11:23:41,173 INFO PERFORMANCE:|3|2|-1|-1

2020-10-14 11:28:41,174 INFO PERFORMANCE:|3|2|-1|-1

2020-10-14 11:33:41,175 INFO PERFORMANCE:|3|2|-1|-1

2020-10-14 11:38:41,177 INFO PERFORMANCE:|3|2|-1|-1

2020-10-14 11:43:41,177 INFO PERFORMANCE:|3|2|-1|-1

2020-10-14 11:48:41,178 INFO PERFORMANCE:|3|2|-1|-1

2020-10-14 11:53:41,179 INFO PERFORMANCE:|3|2|-1|-1

2020-10-14 11:58:41,181 INFO PERFORMANCE:|3|2|-1|-1

2020-10-14 12:03:41,182 INFO PERFORMANCE:|3|2|-1|-1

2020-10-14 12:08:41,184 INFO PERFORMANCE:|3|2|-1|-1

2020-10-14 12:13:41,185 INFO PERFORMANCE:|3|2|-1|-1

2020-10-14 12:18:41,187 INFO PERFORMANCE:|3|2|-1|-1

2020-10-14 12:23:41,188 INFO PERFORMANCE:|3|2|-1|-1

2020-10-14 12:28:41,190 INFO PERFORMANCE:|3|2|-1|-1

2020-10-14 12:33:41,192 INFO PERFORMANCE:|3|2|-1|-1

2020-10-14 12:38:41,193 INFO PERFORMANCE:|3|2|-1|-1

2020-10-14 12:43:41,194 INFO PERFORMANCE:|3|2|-1|-1

2020-10-14 12:48:41,195 INFO PERFORMANCE:|3|2|-1|-1

2020-10-14 12:53:41,197 INFO PERFORMANCE:|3|3|-1|-1

2020-10-14 12:58:41,199 INFO PERFORMANCE:|3|3|-1|-1

2020-10-14 13:03:41,200 INFO PERFORMANCE:|3|3|-1|-1

2020-10-14 13:08:41,202 INFO PERFORMANCE:|3|3|-1|-1

2020-10-14 13:13:41,204 INFO PERFORMANCE:|3|3|-1|-1

2020-10-14 13:18:41,205 INFO PERFORMANCE:|3|3|-1|-1

2020-10-14 13:23:41,207 INFO PERFORMANCE:|3|3|-1|-1

2020-10-14 13:28:41,208 INFO PERFORMANCE:|3|3|-1|-1

2020-10-14 13:33:41,209 INFO PERFORMANCE:|3|3|-1|-1

2020-10-14 13:38:41,211 INFO PERFORMANCE:|3|3|-1|-1

2020-10-14 13:43:41,212 INFO PERFORMANCE:|3|3|-1|-1

2020-10-14 13:48:41,214 INFO PERFORMANCE:|3|3|-1|-1

2020-10-14 13:53:41,215 INFO PERFORMANCE:|4|5|-1|-1

2020-10-14 13:58:41,217 INFO PERFORMANCE:|4|5|-1|-1

2020-10-14 14:03:41,218 INFO PERFORMANCE:|4|5|-1|-1

2020-10-14 14:08:41,220 INFO PERFORMANCE:|4|5|-1|-1

2020-10-14 14:13:41,222 INFO PERFORMANCE:|4|4|-1|-1

2020-10-14 14:18:41,223 INFO PERFORMANCE:|4|4|-1|-1

2020-10-14 14:23:41,224 INFO PERFORMANCE:|4|4|-1|-1

2020-10-14 14:52:34,405 INFO PERFORMANCE:|0|0|-1|-1

2020-10-14 14:57:34,406 INFO PERFORMANCE:|0|0|-1|-1

2020-10-14 15:02:34,407 INFO PERFORMANCE:|0|0|-1|-1

2020-10-14 15:07:34,409 INFO PERFORMANCE:|0|0|-1|-1

2020-10-14 15:12:34,411 INFO PERFORMANCE:|0|0|-1|-1

2020-10-14 15:17:34,412 INFO PERFORMANCE:|0|0|-1|-1

2020-10-14 15:22:34,413 INFO PERFORMANCE:|0|0|-1|-1

